0 info it worked if it ends with ok
1 verbose cli [ 'node',
1 verbose cli   '/home/commander-lol/.nvm/v0.11.14/bin/npm',
1 verbose cli   'install',
1 verbose cli   '--save',
1 verbose cli   'formidabl#e' ]
2 info using npm@2.11.2
3 info using node@v0.11.14
4 verbose install initial load of /home/commander-lol/Projects/shawt-server/package.json
5 warn package.json shawt-server@1.0.0 No repository field.
6 warn package.json shawt-server@1.0.0 No README data
7 verbose installManyTop reading scoped package data from /home/commander-lol/Projects/shawt-server/node_modules/formidable/package.json
8 verbose installManyTop reading scoped package data from /home/commander-lol/Projects/shawt-server/node_modules/leveldown/package.json
9 verbose installManyTop reading scoped package data from /home/commander-lol/Projects/shawt-server/node_modules/levelup/package.json
10 verbose installManyTop reading scoped package data from /home/commander-lol/Projects/shawt-server/node_modules/q/package.json
11 info package.json formidable@1.0.17 No license field.
12 info package.json q@1.4.1 license should be a valid SPDX license expression
13 verbose readDependencies loading dependencies from /home/commander-lol/Projects/shawt-server/package.json
14 silly cache add args [ 'formidabl#e', null ]
15 verbose cache add spec formidabl#e
16 silly cache add parsed spec { raw: 'formidabl#e',
16 silly cache add   scope: null,
16 silly cache add   name: null,
16 silly cache add   rawSpec: 'formidabl#e',
16 silly cache add   spec: '/home/commander-lol/Projects/shawt-server/formidabl#e',
16 silly cache add   type: 'local' }
17 error addLocal Could not install /home/commander-lol/Projects/shawt-server/formidabl#e
18 verbose stack Error: ENOENT, open '/home/commander-lol/Projects/shawt-server/formidabl#e'
18 verbose stack     at Error (native)
19 verbose cwd /home/commander-lol/Projects/shawt-server
20 error Linux 3.13.0-54-generic
21 error argv "node" "/home/commander-lol/.nvm/v0.11.14/bin/npm" "install" "--save" "formidabl#e"
22 error node v0.11.14
23 error npm  v2.11.2
24 error path /home/commander-lol/Projects/shawt-server/formidabl#e
25 error code ENOENT
26 error errno -2
27 error enoent ENOENT, open '/home/commander-lol/Projects/shawt-server/formidabl#e'
27 error enoent This is most likely not a problem with npm itself
27 error enoent and is related to npm not being able to find a file.
28 verbose exit [ -2, true ]
